Start testing: Nov 18 19:22 AWST
----------------------------------------------------------
1/1 Testing: ofdm_testbed_qa_ber.cc
1/1 Test: ofdm_testbed_qa_ber.cc
Command: "/usr/bin/sh" "ofdm_testbed_qa_ber.cc_test.sh"
Directory: /home/haison98/GNURadio/gr-ofdm_testbed/build/lib
"ofdm_testbed_qa_ber.cc" start time: Nov 18 19:22 AWST
Output:
----------------------------------------------------------
Running 5 test cases...
Running test_ber_zero_errors with 5000000 bits...
Final BER: 0
Running test_ber_known_errors with 10000000 bits...
Expected BER: 0.1, Measured BER: 0.1
Generating Phase 1: 1M bits with 0% error...
Generating Phase 2: 2M bits with 50% error...
Generating Phase 3: 1M bits with 100% error...
Total bits: 4000000
Running test_ber_sliding_window with 4000000 bits...
Final BER (should be ~1.0 from Phase 3): 1
BER at end of Phase 1 (1M bits, should be ~0.0): 0.003793
BER at end of Phase 2 (3M bits, should be ~0.5): 0.503159
Running test_ber_no_output with 2000000 bits (console only)...
Generating 20000000 bits for stress test...
Running test_ber_buffer_stress with 20000000 bits...
Final BER after processing 20000000 bits: 0.5

[1;32;49m*** No errors detected
[0;39;49m
<end of output>
Test time =   1.35 sec
----------------------------------------------------------
Test Passed.
"ofdm_testbed_qa_ber.cc" end time: Nov 18 19:22 AWST
"ofdm_testbed_qa_ber.cc" time elapsed: 00:00:01
----------------------------------------------------------

End testing: Nov 18 19:22 AWST
